AH00558: apache2: Could not reliably determine the server's fully qualified domain name, using 172.30.0.4. Set the 'ServerName' directive globally to suppress this message
[Tue Jul 27 21:01:53.885594 2021] [mpm_prefork:notice] [pid 1] AH00163: Apache/2.4.38 (Debian) PHP/8.0.5 configured -- resuming normal operations
[Tue Jul 27 21:01:53.885690 2021] [core:notice] [pid 1] AH00094: Command line: 'apache2 -D FOREGROUND'
[Wed Jul 28 01:57:06.578301 2021] [mpm_prefork:notice] [pid 1] AH00170: caught SIGWINCH, shutting down gracefully
AH00558: apache2: Could not reliably determine the server's fully qualified domain name, using 172.30.0.4. Set the 'ServerName' directive globally to suppress this message
[Wed Jul 28 01:57:09.138759 2021] [mpm_prefork:notice] [pid 1] AH00163: Apache/2.4.38 (Debian) PHP/8.0.5 configured -- resuming normal operations
[Wed Jul 28 01:57:09.138828 2021] [core:notice] [pid 1] AH00094: Command line: 'apache2 -D FOREGROUND'
[Wed Jul 28 02:02:23.828367 2021] [mpm_prefork:notice] [pid 1] AH00170: caught SIGWINCH, shutting down gracefully
AH00558: apache2: Could not reliably determine the server's fully qualified domain name, using 172.31.0.5. Set the 'ServerName' directive globally to suppress this message
[Wed Jul 28 02:02:33.435525 2021] [mpm_prefork:notice] [pid 1] AH00163: Apache/2.4.38 (Debian) PHP/8.0.5 configured -- resuming normal operations
[Wed Jul 28 02:02:33.435596 2021] [core:notice] [pid 1] AH00094: Command line: 'apache2 -D FOREGROUND'
[Wed Jul 28 02:10:06.480553 2021] [mpm_prefork:notice] [pid 1] AH00170: caught SIGWINCH, shutting down gracefully
AH00558: apache2: Could not reliably determine the server's fully qualified domain name, using 192.168.16.5. Set the 'ServerName' directive globally to suppress this message
[Wed Jul 28 02:10:15.668818 2021] [mpm_prefork:notice] [pid 1] AH00163: Apache/2.4.38 (Debian) PHP/8.0.5 configured -- resuming normal operations
[Wed Jul 28 02:10:15.668911 2021] [core:notice] [pid 1] AH00094: Command line: 'apache2 -D FOREGROUND'
[Wed Jul 28 02:11:06.092618 2021] [mpm_prefork:notice] [pid 1] AH00170: caught SIGWINCH, shutting down gracefully
AH00558: apache2: Could not reliably determine the server's fully qualified domain name, using 192.168.32.4. Set the 'ServerName' directive globally to suppress this message
[Wed Jul 28 02:11:20.971580 2021] [mpm_prefork:notice] [pid 1] AH00163: Apache/2.4.38 (Debian) PHP/8.0.5 configured -- resuming normal operations
[Wed Jul 28 02:11:20.971676 2021] [core:notice] [pid 1] AH00094: Command line: 'apache2 -D FOREGROUND'
[Wed Jul 28 02:20:29.097733 2021] [mpm_prefork:notice] [pid 1] AH00170: caught SIGWINCH, shutting down gracefully
AH00558: apache2: Could not reliably determine the server's fully qualified domain name, using 192.168.64.4. Set the 'ServerName' directive globally to suppress this message
[Wed Jul 28 02:20:36.841404 2021] [mpm_prefork:notice] [pid 1] AH00163: Apache/2.4.38 (Debian) PHP/8.0.5 configured -- resuming normal operations
[Wed Jul 28 02:20:36.841499 2021] [core:notice] [pid 1] AH00094: Command line: 'apache2 -D FOREGROUND'
[Wed Jul 28 02:21:49.683527 2021] [mpm_prefork:notice] [pid 1] AH00170: caught SIGWINCH, shutting down gracefully
AH00558: apache2: Could not reliably determine the server's fully qualified domain name, using 192.168.80.5. Set the 'ServerName' directive globally to suppress this message
[Wed Jul 28 02:21:56.658399 2021] [mpm_prefork:notice] [pid 1] AH00163: Apache/2.4.38 (Debian) PHP/8.0.5 configured -- resuming normal operations
[Wed Jul 28 02:21:56.658533 2021] [core:notice] [pid 1] AH00094: Command line: 'apache2 -D FOREGROUND'
[Wed Jul 28 02:28:48.025896 2021] [mpm_prefork:notice] [pid 1] AH00170: caught SIGWINCH, shutting down gracefully
AH00558: apache2: Could not reliably determine the server's fully qualified domain name, using 192.168.96.4. Set the 'ServerName' directive globally to suppress this message
[Wed Jul 28 02:28:56.720312 2021] [mpm_prefork:notice] [pid 1] AH00163: Apache/2.4.38 (Debian) PHP/8.0.5 configured -- resuming normal operations
[Wed Jul 28 02:28:56.720391 2021] [core:notice] [pid 1] AH00094: Command line: 'apache2 -D FOREGROUND'
[Wed Jul 28 02:31:08.219355 2021] [mpm_prefork:notice] [pid 1] AH00170: caught SIGWINCH, shutting down gracefully
AH00558: apache2: Could not reliably determine the server's fully qualified domain name, using 192.168.112.5. Set the 'ServerName' directive globally to suppress this message
[Wed Jul 28 02:33:26.368355 2021] [mpm_prefork:notice] [pid 1] AH00163: Apache/2.4.38 (Debian) PHP/8.0.5 configured -- resuming normal operations
[Wed Jul 28 02:33:26.368431 2021] [core:notice] [pid 1] AH00094: Command line: 'apache2 -D FOREGROUND'
[Wed Jul 28 02:34:31.459572 2021] [mpm_prefork:notice] [pid 1] AH00170: caught SIGWINCH, shutting down gracefully
AH00558: apache2: Could not reliably determine the server's fully qualified domain name, using 192.168.144.5. Set the 'ServerName' directive globally to suppress this message
[Wed Jul 28 03:07:30.097437 2021] [mpm_prefork:notice] [pid 1] AH00163: Apache/2.4.38 (Debian) PHP/8.0.5 configured -- resuming normal operations
[Wed Jul 28 03:07:30.097608 2021] [core:notice] [pid 1] AH00094: Command line: 'apache2 -D FOREGROUND'
[Wed Jul 28 03:10:51.131817 2021] [mpm_prefork:notice] [pid 1] AH00170: caught SIGWINCH, shutting down gracefully
AH00558: apache2: Could not reliably determine the server's fully qualified domain name, using 192.168.160.5. Set the 'ServerName' directive globally to suppress this message
[Wed Jul 28 03:10:58.581970 2021] [mpm_prefork:notice] [pid 1] AH00163: Apache/2.4.38 (Debian) PHP/8.0.5 configured -- resuming normal operations
[Wed Jul 28 03:10:58.582072 2021] [core:notice] [pid 1] AH00094: Command line: 'apache2 -D FOREGROUND'
[Wed Jul 28 03:22:06.549405 2021] [mpm_prefork:notice] [pid 1] AH00170: caught SIGWINCH, shutting down gracefully
AH00558: apache2: Could not reliably determine the server's fully qualified domain name, using 192.168.160.5. Set the 'ServerName' directive globally to suppress this message
[Wed Jul 28 22:50:31.834225 2021] [mpm_prefork:notice] [pid 1] AH00163: Apache/2.4.38 (Debian) PHP/8.0.5 configured -- resuming normal operations
[Wed Jul 28 22:50:31.834299 2021] [core:notice] [pid 1] AH00094: Command line: 'apache2 -D FOREGROUND'
[Wed Jul 28 22:51:36.788548 2021] [mpm_prefork:notice] [pid 1] AH00170: caught SIGWINCH, shutting down gracefully
AH00558: apache2: Could not reliably determine the server's fully qualified domain name, using 172.18.0.5. Set the 'ServerName' directive globally to suppress this message
[Wed Jul 28 22:51:52.956510 2021] [mpm_prefork:notice] [pid 1] AH00163: Apache/2.4.38 (Debian) PHP/8.0.5 configured -- resuming normal operations
[Wed Jul 28 22:51:52.956587 2021] [core:notice] [pid 1] AH00094: Command line: 'apache2 -D FOREGROUND'
[Wed Jul 28 22:53:15.575055 2021] [mpm_prefork:notice] [pid 1] AH00170: caught SIGWINCH, shutting down gracefully
AH00558: apache2: Could not reliably determine the server's fully qualified domain name, using 172.19.0.4. Set the 'ServerName' directive globally to suppress this message
[Wed Jul 28 22:54:52.716792 2021] [mpm_prefork:notice] [pid 1] AH00163: Apache/2.4.38 (Debian) PHP/8.0.5 configured -- resuming normal operations
[Wed Jul 28 22:54:52.716860 2021] [core:notice] [pid 1] AH00094: Command line: 'apache2 -D FOREGROUND'
[Wed Jul 28 22:58:36.684820 2021] [mpm_prefork:notice] [pid 1] AH00170: caught SIGWINCH, shutting down gracefully
AH00558: apache2: Could not reliably determine the server's fully qualified domain name, using 172.20.0.4. Set the 'ServerName' directive globally to suppress this message
[Wed Jul 28 23:00:18.955245 2021] [mpm_prefork:notice] [pid 1] AH00163: Apache/2.4.38 (Debian) PHP/8.0.5 configured -- resuming normal operations
[Wed Jul 28 23:00:18.956072 2021] [core:notice] [pid 1] AH00094: Command line: 'apache2 -D FOREGROUND'
[Wed Jul 28 23:03:47.413181 2021] [mpm_prefork:notice] [pid 1] AH00170: caught SIGWINCH, shutting down gracefully
AH00558: apache2: Could not reliably determine the server's fully qualified domain name, using 172.21.0.4. Set the 'ServerName' directive globally to suppress this message
[Wed Jul 28 23:39:36.524519 2021] [mpm_prefork:notice] [pid 1] AH00163: Apache/2.4.38 (Debian) PHP/8.0.5 configured -- resuming normal operations
[Wed Jul 28 23:39:36.524617 2021] [core:notice] [pid 1] AH00094: Command line: 'apache2 -D FOREGROUND'
[Wed Jul 28 23:46:33.369805 2021] [mpm_prefork:notice] [pid 1] AH00170: caught SIGWINCH, shutting down gracefully
AH00558: apache2: Could not reliably determine the server's fully qualified domain name, using 172.22.0.4. Set the 'ServerName' directive globally to suppress this message
[Wed Jul 28 23:46:42.901824 2021] [mpm_prefork:notice] [pid 1] AH00163: Apache/2.4.38 (Debian) PHP/8.0.5 configured -- resuming normal operations
[Wed Jul 28 23:46:42.901900 2021] [core:notice] [pid 1] AH00094: Command line: 'apache2 -D FOREGROUND'
[Wed Jul 28 23:47:57.299971 2021] [mpm_prefork:notice] [pid 1] AH00170: caught SIGWINCH, shutting down gracefully
AH00558: apache2: Could not reliably determine the server's fully qualified domain name, using 172.22.0.5. Set the 'ServerName' directive globally to suppress this message
[Wed Jul 28 23:48:00.039514 2021] [mpm_prefork:notice] [pid 1] AH00163: Apache/2.4.38 (Debian) PHP/8.0.5 configured -- resuming normal operations
[Wed Jul 28 23:48:00.039593 2021] [core:notice] [pid 1] AH00094: Command line: 'apache2 -D FOREGROUND'
[Wed Jul 28 23:48:20.049522 2021] [mpm_prefork:notice] [pid 1] AH00170: caught SIGWINCH, shutting down gracefully
AH00558: apache2: Could not reliably determine the server's fully qualified domain name, using 172.23.0.5. Set the 'ServerName' directive globally to suppress this message
[Thu Jul 29 00:03:55.201876 2021] [mpm_prefork:notice] [pid 1] AH00163: Apache/2.4.38 (Debian) PHP/8.0.5 configured -- resuming normal operations
[Thu Jul 29 00:03:55.202070 2021] [core:notice] [pid 1] AH00094: Command line: 'apache2 -D FOREGROUND'
[Thu Jul 29 00:07:12.125562 2021] [mpm_prefork:notice] [pid 1] AH00170: caught SIGWINCH, shutting down gracefully
AH00558: apache2: Could not reliably determine the server's fully qualified domain name, using 172.24.0.4. Set the 'ServerName' directive globally to suppress this message
[Thu Jul 29 00:07:20.008096 2021] [mpm_prefork:notice] [pid 1] AH00163: Apache/2.4.38 (Debian) PHP/8.0.5 configured -- resuming normal operations
[Thu Jul 29 00:07:20.008192 2021] [core:notice] [pid 1] AH00094: Command line: 'apache2 -D FOREGROUND'
[Thu Jul 29 00:09:31.945094 2021] [mpm_prefork:notice] [pid 1] AH00170: caught SIGWINCH, shutting down gracefully
AH00558: apache2: Could not reliably determine the server's fully qualified domain name, using 172.24.0.5. Set the 'ServerName' directive globally to suppress this message
[Thu Jul 29 00:09:35.113787 2021] [mpm_prefork:notice] [pid 1] AH00163: Apache/2.4.38 (Debian) PHP/8.0.5 configured -- resuming normal operations
[Thu Jul 29 00:09:35.113875 2021] [core:notice] [pid 1] AH00094: Command line: 'apache2 -D FOREGROUND'
[Thu Jul 29 00:13:59.837795 2021] [mpm_prefork:notice] [pid 1] AH00170: caught SIGWINCH, shutting down gracefully
AH00558: apache2: Could not reliably determine the server's fully qualified domain name, using 172.24.0.5. Set the 'ServerName' directive globally to suppress this message
[Thu Jul 29 00:14:02.431817 2021] [mpm_prefork:notice] [pid 1] AH00163: Apache/2.4.38 (Debian) PHP/8.0.5 configured -- resuming normal operations
[Thu Jul 29 00:14:02.431909 2021] [core:notice] [pid 1] AH00094: Command line: 'apache2 -D FOREGROUND'
